== CI v3.7 ==
CI_LEVEL=probe PHASE_TARGET=0
-- Required steps: schema=0 validate=0 build=0 client=0 det=0 golden=0 coverage_gate=0 narrative=0

[STEP] check_sins
[CMD]  python3 tools/py/check_sins.py --report docs/SINS_REPORT.md
[STATUS] check_sins = OK

[STEP] schema_contract
[CMD]  bash tools/schema_contract.sh
[STATUS] schema_contract = OK

[STEP] coverage
[CMD]  bash tools/coverage_report.sh
[STATUS] coverage = OK

[STEP] validate_seed
[CMD]  bash tools/validate_pack.sh --seed
[STATUS] validate_seed = OK

[STEP] validate_neg
[CMD]  bash tools/validate_pack.sh --neg
[STATUS] validate_neg = OK

[STEP] build
[CMD]  bash tools/build_pack.sh
[STATUS] build = OK

[STEP] repro_build
[CMD]  bash tools/build_pack.sh --repro
[STATUS] repro_build = OK

[STEP] golden_compare
[CMD]  bash tools/golden_compare.sh
[STATUS] golden_compare = OK

[STEP] client_smoke
[CMD]  bash client/run_smoke.sh
[STATUS] client_smoke = OK

[STEP] determinism
[CMD]  bash client/run_determinism.sh
[STATUS] determinism = OK

[STEP] narrative_check
[CMD]  bash client/run_narrative_check.sh
[STATUS] narrative_check = OK

[STEP] coverage_gate
[CMD]  bash tools/coverage_gate.sh
[STATUS] coverage_gate = OK

== CI done ==
